Build started 15/09/2016 19:47:31.
     1>Project "C:\Users\dave\Documents\Visual Studio 2013\Projects\Matrix\Matrix\Matrix.vcxproj" on node 2 (Build target(s)).
     1>ClCompile:
         C:\Program Files (x86)\Microsoft Visual Studio 12.0\VC\bin\CL.exe /c /ZI /nologo /W3 /WX- /sdl /Od /Oy- /D WIN32 /D _DEBUG /D _CONSOLE /D _LIB /D _UNICODE /D UNICODE /Gm /EHsc /RTC1 /MDd /GS /fp:precise /Zc:wchar_t /Zc:forScope /Fo"Debug\\" /Fd"Debug\vc120.pdb" /Gd /TP /analyze- /errorReport:prompt Matrix.cpp
         Matrix.cpp
     1>c:\users\dave\documents\visual studio 2013\projects\matrix\matrix\utils.h(39): warning C4244: 'return' : conversion from 'int' to 'float', possible loss of data
     1>c:\users\dave\documents\visual studio 2013\projects\matrix\matrix\utils.h(50): warning C4244: 'return' : conversion from 'double' to 'float', possible loss of data
     1>c:\users\dave\documents\visual studio 2013\projects\matrix\matrix\utils.h(80): warning C4018: '<' : signed/unsigned mismatch
     1>c:\users\dave\documents\visual studio 2013\projects\matrix\matrix\utils.h(82): warning C4018: '<' : signed/unsigned mismatch
     1>c:\users\dave\documents\visual studio 2013\projects\matrix\matrix\utils.h(96): warning C4018: '<' : signed/unsigned mismatch
     1>c:\users\dave\documents\visual studio 2013\projects\matrix\matrix\utils.h(98): warning C4018: '<' : signed/unsigned mismatch
     1>c:\users\dave\documents\visual studio 2013\projects\matrix\matrix\utils.h(107): warning C4018: '<' : signed/unsigned mismatch
     1>c:\users\dave\documents\visual studio 2013\projects\matrix\matrix\utils.h(114): warning C4018: '<' : signed/unsigned mismatch
     1>c:\users\dave\documents\visual studio 2013\projects\matrix\matrix\utils.h(117): warning C4018: '<' : signed/unsigned mismatch
     1>c:\users\dave\documents\visual studio 2013\projects\matrix\matrix\utils.h(126): warning C4018: '<' : signed/unsigned mismatch
     1>c:\users\dave\documents\visual studio 2013\projects\matrix\matrix\utils.h(137): warning C4244: 'argument' : conversion from 'unsigned int' to 'float', possible loss of data
     1>c:\users\dave\documents\visual studio 2013\projects\matrix\matrix\utils.h(156): warning C4018: '<' : signed/unsigned mismatch
     1>c:\users\dave\documents\visual studio 2013\projects\matrix\matrix\my_matrix.h(34): warning C4018: '<' : signed/unsigned mismatch
     1>c:\users\dave\documents\visual studio 2013\projects\matrix\matrix\my_matrix.h(36): warning C4018: '<' : signed/unsigned mismatch
     1>c:\users\dave\documents\visual studio 2013\projects\matrix\matrix\my_matrix.h(46): warning C4018: '<' : signed/unsigned mismatch
     1>c:\users\dave\documents\visual studio 2013\projects\matrix\matrix\my_matrix.h(48): warning C4018: '<' : signed/unsigned mismatch
     1>c:\users\dave\documents\visual studio 2013\projects\matrix\matrix\my_matrix.h(71): warning C4018: '<' : signed/unsigned mismatch
     1>c:\users\dave\documents\visual studio 2013\projects\matrix\matrix\my_matrix.h(85): warning C4018: '<' : signed/unsigned mismatch
     1>c:\users\dave\documents\visual studio 2013\projects\matrix\matrix\my_matrix.h(88): warning C4018: '<' : signed/unsigned mismatch
     1>c:\users\dave\documents\visual studio 2013\projects\matrix\matrix\my_matrix.h(101): warning C4018: '<' : signed/unsigned mismatch
     1>c:\users\dave\documents\visual studio 2013\projects\matrix\matrix\my_matrix.h(103): warning C4018: '<' : signed/unsigned mismatch
     1>c:\users\dave\documents\visual studio 2013\projects\matrix\matrix\my_matrix.h(117): warning C4018: '<' : signed/unsigned mismatch
     1>c:\users\dave\documents\visual studio 2013\projects\matrix\matrix\my_matrix.h(119): warning C4018: '<' : signed/unsigned mismatch
     1>c:\users\dave\documents\visual studio 2013\projects\matrix\matrix\my_matrix.h(139): warning C4172: returning address of local variable or temporary
     1>c:\users\dave\documents\visual studio 2013\projects\matrix\matrix\my_matrix.h(149): warning C4018: '<' : signed/unsigned mismatch
     1>c:\users\dave\documents\visual studio 2013\projects\matrix\matrix\my_matrix.h(152): warning C4018: '<' : signed/unsigned mismatch
     1>c:\users\dave\documents\visual studio 2013\projects\matrix\matrix\my_matrix.h(164): warning C4172: returning address of local variable or temporary
     1>c:\users\dave\documents\visual studio 2013\projects\matrix\matrix\my_matrix.h(178): warning C4018: '<' : signed/unsigned mismatch
     1>c:\users\dave\documents\visual studio 2013\projects\matrix\matrix\my_matrix.h(181): warning C4018: '<' : signed/unsigned mismatch
     1>c:\users\dave\documents\visual studio 2013\projects\matrix\matrix\my_matrix.h(183): warning C4018: '<' : signed/unsigned mismatch
     1>c:\users\dave\documents\visual studio 2013\projects\matrix\matrix\my_matrix.h(192): warning C4172: returning address of local variable or temporary
     1>c:\users\dave\documents\visual studio 2013\projects\matrix\matrix\my_matrix.h(200): warning C4018: '<' : signed/unsigned mismatch
     1>c:\users\dave\documents\visual studio 2013\projects\matrix\matrix\my_matrix.h(202): warning C4018: '<' : signed/unsigned mismatch
     1>c:\users\dave\documents\visual studio 2013\projects\matrix\matrix\my_matrix.h(215): warning C4018: '<' : signed/unsigned mismatch
     1>c:\users\dave\documents\visual studio 2013\projects\matrix\matrix\my_matrix.h(217): warning C4018: '<' : signed/unsigned mismatch
     1>c:\users\dave\documents\visual studio 2013\projects\matrix\matrix\my_matrix.h(229): warning C4018: '<' : signed/unsigned mismatch
     1>c:\users\dave\documents\visual studio 2013\projects\matrix\matrix\my_matrix.h(231): warning C4018: '<' : signed/unsigned mismatch
     1>c:\users\dave\documents\visual studio 2013\projects\matrix\matrix\my_matrix.h(241): warning C4172: returning address of local variable or temporary
     1>c:\users\dave\documents\visual studio 2013\projects\matrix\matrix\my_matrix.h(247): warning C4018: '<' : signed/unsigned mismatch
     1>c:\users\dave\documents\visual studio 2013\projects\matrix\matrix\my_matrix.h(249): warning C4018: '<' : signed/unsigned mismatch
     1>c:\users\dave\documents\visual studio 2013\projects\matrix\matrix\my_matrix.h(257): warning C4172: returning address of local variable or temporary
     1>c:\users\dave\documents\visual studio 2013\projects\matrix\matrix\my_matrix.h(263): warning C4172: returning address of local variable or temporary
     1>c:\users\dave\documents\visual studio 2013\projects\matrix\matrix\my_matrix.h(269): warning C4018: '<' : signed/unsigned mismatch
     1>c:\users\dave\documents\visual studio 2013\projects\matrix\matrix\my_matrix.h(272): warning C4018: '<' : signed/unsigned mismatch
     1>c:\users\dave\documents\visual studio 2013\projects\matrix\matrix\my_matrix.h(280): warning C4172: returning address of local variable or temporary
     1>c:\users\dave\documents\visual studio 2013\projects\matrix\matrix\my_matrix.h(290): warning C4018: '<' : signed/unsigned mismatch
     1>c:\users\dave\documents\visual studio 2013\projects\matrix\matrix\my_matrix.h(292): warning C4018: '<' : signed/unsigned mismatch
     1>c:\users\dave\documents\visual studio 2013\projects\matrix\matrix\my_matrix.h(307): warning C4018: '<' : signed/unsigned mismatch
     1>c:\users\dave\documents\visual studio 2013\projects\matrix\matrix\my_matrix.h(309): warning C4018: '<' : signed/unsigned mismatch
     1>c:\users\dave\documents\visual studio 2013\projects\matrix\matrix\my_matrix.h(322): warning C4018: '<' : signed/unsigned mismatch
     1>c:\users\dave\documents\visual studio 2013\projects\matrix\matrix\my_matrix.h(324): warning C4018: '<' : signed/unsigned mismatch
     1>c:\users\dave\documents\visual studio 2013\projects\matrix\matrix\my_matrix.h(364): warning C4018: '<' : signed/unsigned mismatch
     1>c:\users\dave\documents\visual studio 2013\projects\matrix\matrix\my_matrix.h(385): warning C4018: '<' : signed/unsigned mismatch
     1>c:\users\dave\documents\visual studio 2013\projects\matrix\matrix\my_matrix.h(393): warning C4018: '<' : signed/unsigned mismatch
     1>c:\users\dave\documents\visual studio 2013\projects\matrix\matrix\my_matrix.h(395): warning C4018: '<' : signed/unsigned mismatch
     1>c:\users\dave\documents\visual studio 2013\projects\matrix\matrix\my_matrix.h(428): warning C4018: '<' : signed/unsigned mismatch
     1>c:\users\dave\documents\visual studio 2013\projects\matrix\matrix\my_matrix.h(447): warning C4018: '<' : signed/unsigned mismatch
     1>c:\users\dave\documents\visual studio 2013\projects\matrix\matrix\my_matrix.h(456): warning C4018: '<' : signed/unsigned mismatch
     1>c:\users\dave\documents\visual studio 2013\projects\matrix\matrix\my_matrix.h(477): warning C4018: '<' : signed/unsigned mismatch
     1>c:\users\dave\documents\visual studio 2013\projects\matrix\matrix\my_matrix.h(506): warning C4018: '<' : signed/unsigned mismatch
     1>c:\users\dave\documents\visual studio 2013\projects\matrix\matrix\my_matrix.h(575): warning C4018: '<' : signed/unsigned mismatch
     1>c:\users\dave\documents\visual studio 2013\projects\matrix\matrix\my_matrix.h(642): warning C4018: '<' : signed/unsigned mismatch
     1>c:\users\dave\documents\visual studio 2013\projects\matrix\matrix\matrix.cpp(167): warning C4305: 'argument' : truncation from 'double' to 'float'
       Link:
         C:\Program Files (x86)\Microsoft Visual Studio 12.0\VC\bin\link.exe /ERRORREPORT:PROMPT /OUT:"C:\Users\dave\Documents\Visual Studio 2013\Projects\Matrix\Debug\Matrix.exe" /INCREMENTAL /NOLOGO kernel32.lib user32.lib gdi32.lib winspool.lib comdlg32.lib advapi32.lib shell32.lib ole32.lib oleaut32.lib uuid.lib odbc32.lib odbccp32.lib /MANIFEST /MANIFESTUAC:"level='asInvoker' uiAccess='false'" /manifest:embed /DEBUG /PDB:"C:\Users\dave\Documents\Visual Studio 2013\Projects\Matrix\Debug\Matrix.pdb" /SUBSYSTEM:CONSOLE /TLBID:1 /DYNAMICBASE /NXCOMPAT /IMPLIB:"C:\Users\dave\Documents\Visual Studio 2013\Projects\Matrix\Debug\Matrix.lib" /MACHINE:X86 Debug\Matrix.obj
         Debug\stdafx.obj
         Matrix.vcxproj -> C:\Users\dave\Documents\Visual Studio 2013\Projects\Matrix\Debug\Matrix.exe
     1>Done Building Project "C:\Users\dave\Documents\Visual Studio 2013\Projects\Matrix\Matrix\Matrix.vcxproj" (Build target(s)).

Build succeeded.

Time Elapsed 00:00:01.84
